<?xml version="1.0" encoding="UTF-8"?>
<testng-results skipped="0" failed="0" ignored="0" total="1" passed="1">
  <reporter-output>
  </reporter-output>
  <suite name="Surefire suite" duration-ms="149" started-at="2020-09-20T19:48:51 IST" finished-at="2020-09-20T19:48:51 IST">
    <groups>
    </groups>
    <test name="Surefire test" duration-ms="149" started-at="2020-09-20T19:48:51 IST" finished-at="2020-09-20T19:48:51 IST">
      <class name="qaclickacademy.MavenJava.AppTest">
        <test-method status="PASS" signature="shouldAnswerWithTrue()" name="shouldAnswerWithTrue" duration-ms="51" started-at="2020-09-20T19:48:51 IST" finished-at="2020-09-20T19:48:51 IST">
          <reporter-output>
          </reporter-output>
        </test-method> <!-- shouldAnswerWithTrue -->
      </class> <!-- qaclickacademy.MavenJava.AppTest -->
    </test> <!-- Surefire test -->
  </suite> <!-- Surefire suite -->
</testng-results>
