<?xml version="1.0" encoding="UTF-8"?>
<!-- Generated by org.testng.reporters.JUnitXMLReporter -->
<testsuite hostname="DESKTOP-37JE3F1" ignored="0" name="Surefire test" tests="6" failures="0" timestamp="2020-09-20T19:48:50 IST" time="0.081" errors="0">
  <testcase name="iosApps" time="0.007" classname="qaclickacademy.MavenJava.AppiumTest"/>
  <testcase name="nativeApps" time="0.001" classname="qaclickacademy.MavenJava.AppiumTest"/>
  <testcase name="deleteTwitter" time="0.001" classname="qaclickacademy.MavenJava.RESTAPITest"/>
  <testcase name="postJira" time="0.001" classname="qaclickacademy.MavenJava.RESTAPITest"/>
  <testcase name="BrowserAutomation" time="0.0" classname="qaclickacademy.MavenJava.SeleniumTest"/>
  <testcase name="elementUI" time="0.0" classname="qaclickacademy.MavenJava.SeleniumTest"/>
</testsuite> <!-- Surefire test -->
