<?xml version="1.0" encoding="UTF-8"?>
<testng-results skipped="0" failed="0" ignored="0" total="6" passed="6">
  <reporter-output>
  </reporter-output>
  <suite name="Surefire suite" duration-ms="81" started-at="2020-09-20T19:48:50 IST" finished-at="2020-09-20T19:48:50 IST">
    <groups>
    </groups>
    <test name="Surefire test" duration-ms="81" started-at="2020-09-20T19:48:50 IST" finished-at="2020-09-20T19:48:50 IST">
      <class name="qaclickacademy.MavenJava.SeleniumTest">
        <test-method status="PASS" signature="BrowserAutomation()[pri:0, instance:qaclickacademy.MavenJava.SeleniumTest@3c0f93f1]" name="BrowserAutomation" duration-ms="0" started-at="2020-09-20T19:48:50 IST" finished-at="2020-09-20T19:48:50 IST">
          <reporter-output>
          </reporter-output>
        </test-method> <!-- BrowserAutomation -->
        <test-method status="PASS" signature="elementUI()[pri:0, instance:qaclickacademy.MavenJava.SeleniumTest@3c0f93f1]" name="elementUI" duration-ms="0" started-at="2020-09-20T19:48:50 IST" finished-at="2020-09-20T19:48:50 IST">
          <reporter-output>
          </reporter-output>
        </test-method> <!-- elementUI -->
      </class> <!-- qaclickacademy.MavenJava.SeleniumTest -->
      <class name="qaclickacademy.MavenJava.RESTAPITest">
        <test-method status="PASS" signature="deleteTwitter()[pri:0, instance:qaclickacademy.MavenJava.RESTAPITest@2038ae61]" name="deleteTwitter" duration-ms="1" started-at="2020-09-20T19:48:50 IST" finished-at="2020-09-20T19:48:50 IST">
          <reporter-output>
          </reporter-output>
        </test-method> <!-- deleteTwitter -->
        <test-method status="PASS" signature="postJira()[pri:0, instance:qaclickacademy.MavenJava.RESTAPITest@2038ae61]" name="postJira" duration-ms="1" started-at="2020-09-20T19:48:50 IST" finished-at="2020-09-20T19:48:50 IST">
          <reporter-output>
          </reporter-output>
        </test-method> <!-- postJira -->
      </class> <!-- qaclickacademy.MavenJava.RESTAPITest -->
      <class name="qaclickacademy.MavenJava.AppiumTest">
        <test-method status="PASS" signature="iosApps()[pri:0, instance:qaclickacademy.MavenJava.AppiumTest@60c6f5b]" name="iosApps" duration-ms="7" started-at="2020-09-20T19:48:50 IST" finished-at="2020-09-20T19:48:50 IST">
          <reporter-output>
          </reporter-output>
        </test-method> <!-- iosApps -->
        <test-method status="PASS" signature="nativeApps()[pri:0, instance:qaclickacademy.MavenJava.AppiumTest@60c6f5b]" name="nativeApps" duration-ms="1" started-at="2020-09-20T19:48:50 IST" finished-at="2020-09-20T19:48:50 IST">
          <reporter-output>
          </reporter-output>
        </test-method> <!-- nativeApps -->
      </class> <!-- qaclickacademy.MavenJava.AppiumTest -->
    </test> <!-- Surefire test -->
  </suite> <!-- Surefire suite -->
</testng-results>
