<?xml version="1.0" encoding="UTF-8"?>
<!-- Generated by org.testng.reporters.JUnitXMLReporter -->
<testsuite hostname="DESKTOP-37JE3F1" ignored="0" name="Test" tests="4" failures="0" timestamp="2020-09-20T23:09:11 IST" time="0.095" errors="0">
  <testcase name="deleteTwitter" time="0.01" classname="qaclickacademy.MavenJava.RESTAPITest"/>
  <testcase name="postJira" time="0.0" classname="qaclickacademy.MavenJava.RESTAPITest"/>
  <testcase name="BrowserAutomation" time="0.001" classname="qaclickacademy.MavenJava.SeleniumTest"/>
  <testcase name="elementUI" time="0.001" classname="qaclickacademy.MavenJava.SeleniumTest"/>
</testsuite> <!-- Test -->
